<?xml version="1.0" encoding="UTF-8"?>
<testng-results total="1" passed="0" failed="1" skipped="0">
  <reporter-output>
  </reporter-output>
  <suite started-at="2020-11-12T00:57:59Z" name="Default suite" finished-at="2020-11-12T00:59:33Z" duration-ms="94538">
    <groups>
      <group name="Golden Path_Create Test Account">
        <method signature="CreateAccountsTest.createTestAccount(java.lang.String, java.lang.String, java.lang.String)[pri:0, instance:tests.CreateAccountsTest@5a955565]" name="createTestAccount" class="tests.CreateAccountsTest"/>
      </group> <!-- Golden Path_Create Test Account -->
    </groups>
    <test started-at="2020-11-12T00:57:59Z" name="Default test" finished-at="2020-11-12T00:59:33Z" duration-ms="94538">
      <class name="tests.CreateAccountsTest">
        <test-method is-config="true" signature="setup()[pri:0, instance:tests.CreateAccountsTest@5a955565]" started-at="2020-11-12T11:57:59Z" name="setup" finished-at="2020-11-12T11:57:59Z" duration-ms="358" status="PASS">
          <reporter-output>
          </reporter-output>
        </test-method> <!-- setup -->
        <test-method is-config="true" signature="beforeMethod()[pri:0, instance:tests.CreateAccountsTest@5a955565]" started-at="2020-11-12T11:57:59Z" name="beforeMethod" finished-at="2020-11-12T11:58:09Z" duration-ms="9190" status="PASS">
          <reporter-output>
          </reporter-output>
        </test-method> <!-- beforeMethod -->
        <test-method signature="createTestAccount(java.lang.String, java.lang.String, java.lang.String)[pri:0, instance:tests.CreateAccountsTest@5a955565]" started-at="2020-11-12T11:58:09Z" name="createTestAccount" data-provider="Create Test Account - Person" finished-at="2020-11-12T11:59:33Z" duration-ms="84318" status="FAIL">
          <params>
            <param index="0">
              <value>
                <![CDATA[Alicia]]>
              </value>
            </param>
            <param index="1">
              <value>
                <![CDATA[Monro]]>
              </value>
            </param>
            <param index="2">
              <value>
                <![CDATA[Alicia.Monro.6540@testdata.email]]>
              </value>
            </param>
          </params>
          <exception class="com.hp.lft.sdk.ReplayParentMissingException">
            <message>
              <![CDATA[Cannot find the "Web EditField" object's parent "[ [ Set Password - Sapphire ] ]" (class Page).
Verify that parent properties match an object currently displayed in your application.]]>
            </message>
            <full-stacktrace>
                <![CDATA[com.hp.lft.sdk.ReplayParentMissingException: Cannot find the "Web EditField" object's parent "[ [ Set Password - Sapphire ] ]" (class Page).
Verify that parent properties match an object currently displayed in your application.
	at com.hp.lft.sdk.internal.ReplayExceptionFactory$3.create(ReplayExceptionFactory.java:47)
	at com.hp.lft.sdk.internal.ReplayExceptionFactory.createOrDefault(ReplayExceptionFactory.java:289)
	at com.hp.lft.sdk.internal.ReplayExceptionFactory.createOrDefault(ReplayExceptionFactory.java:22)
	at com.hp.lft.sdk.internal.TestObjectExecuterBehaviorBase$ReplayErrorHandler.onError(TestObjectExecuterBehaviorBase.java:65)
	at com.hp.lft.sdk.internal.CommunicationClientImpl.handleError(CommunicationClientImpl.java:222)
	at com.hp.lft.sdk.internal.CommunicationClientImpl.send(CommunicationClientImpl.java:96)
	at com.hp.lft.sdk.internal.TestObjectExecuterBehavior.executeMethod(TestObjectExecuter.java:33)
	at com.hp.lft.sdk.internal.TestObjectBase.executeMethod(TestObjectBase.java:124)
	at com.hp.lft.sdk.internal.web.WebEditFieldBase.access$000(WebEditFieldBase.java:8)
	at com.hp.lft.sdk.internal.web.WebEditFieldBase$1.invoke(WebEditFieldBase.java:20)
	at com.hp.lft.sdk.internal.TestObjectOperationWrapper.executeWithEvents(TestObjectOperationWrapper.java:81)
	at com.hp.lft.sdk.internal.TestObjectOperationWrapper.executeWithEvents(TestObjectOperationWrapper.java:102)
	at com.hp.lft.sdk.internal.web.WebEditFieldBase.setValue(WebEditFieldBase.java:24)
	at com.hp.lft.sdk.internal.web.WebEdit.setValue(WebEdit.java:8)
	at apppages.common.LoginPage.login(LoginPage.java:84)
	at tests.CreateAccountsTest.createTestAccount(CreateAccountsTest.java:42)
	at java.base/jdk.internal.reflect.NativeMethodAccessorImpl.invoke0(Native Method)
	at java.base/jdk.internal.reflect.NativeMethodAccessorImpl.invoke(NativeMethodAccessorImpl.java:62)
	at java.base/jdk.internal.reflect.DelegatingMethodAccessorImpl.invoke(DelegatingMethodAccessorImpl.java:43)
	at java.base/java.lang.reflect.Method.invoke(Method.java:564)
	at org.testng.internal.MethodInvocationHelper.invokeMethod(MethodInvocationHelper.java:80)
	at org.testng.internal.Invoker.invokeMethod(Invoker.java:714)
	at org.testng.internal.Invoker.invokeTestMethod(Invoker.java:901)
	at org.testng.internal.Invoker.invokeTestMethods(Invoker.java:1231)
	at org.testng.internal.TestMethodWorker.invokeTestMethods(TestMethodWorker.java:127)
	at org.testng.internal.TestMethodWorker.run(TestMethodWorker.java:111)
	at org.testng.TestRunner.privateRun(TestRunner.java:767)
	at org.testng.TestRunner.run(TestRunner.java:617)
	at org.testng.SuiteRunner.runTest(SuiteRunner.java:334)
	at org.testng.SuiteRunner.runSequentially(SuiteRunner.java:329)
	at org.testng.SuiteRunner.privateRun(SuiteRunner.java:291)
	at org.testng.SuiteRunner.run(SuiteRunner.java:240)
	at org.testng.SuiteRunnerWorker.runSuite(SuiteRunnerWorker.java:52)
	at org.testng.SuiteRunnerWorker.run(SuiteRunnerWorker.java:86)
	at org.testng.TestNG.runSuitesSequentially(TestNG.java:1198)
	at org.testng.TestNG.runSuitesLocally(TestNG.java:1123)
	at org.testng.TestNG.run(TestNG.java:1031)
	at org.testng.remote.AbstractRemoteTestNG.run(AbstractRemoteTestNG.java:115)
	at org.testng.remote.RemoteTestNG.initAndRun(RemoteTestNG.java:251)
	at org.testng.remote.RemoteTestNG.main(RemoteTestNG.java:77)
]]>
            </full-stacktrace>
          </exception> <!-- com.hp.lft.sdk.ReplayParentMissingException -->
          <reporter-output>
          </reporter-output>
        </test-method> <!-- createTestAccount -->
        <test-method is-config="true" signature="afterMethod(org.testng.ITestResult)[pri:0, instance:tests.CreateAccountsTest@5a955565]" started-at="2020-11-12T11:59:33Z" name="afterMethod" finished-at="2020-11-12T11:59:33Z" duration-ms="534" status="PASS">
          <params>
            <param index="0">
              <value>
                <![CDATA[[TestResult name=createTestAccount status=FAILURE method=CreateAccountsTest.createTestAccount(java.lang.String, java.lang.String, java.lang.String)[pri:0, instance:tests.CreateAccountsTest@5a955565] output={null}]]]>
              </value>
            </param>
          </params>
          <reporter-output>
          </reporter-output>
        </test-method> <!-- afterMethod -->
        <test-method is-config="true" signature="cleanup()[pri:0, instance:tests.CreateAccountsTest@5a955565]" started-at="2020-11-12T11:59:33Z" name="cleanup" finished-at="2020-11-12T11:59:33Z" duration-ms="0" status="PASS">
          <reporter-output>
          </reporter-output>
        </test-method> <!-- cleanup -->
      </class> <!-- tests.CreateAccountsTest -->
    </test> <!-- Default test -->
  </suite> <!-- Default suite -->
</testng-results>
